(env) (base) daniel@daniel-HUAWEI-MateBook-D:~/Documents/Predictvia/python-scraper-github$ /home/daniel/Documents/Predictvia/python-scraper-github/env/bin/python /home/daniel/PycharmProjects/PlayingSelenium/PlayingSelenium.py
Traceback (most recent call last):
  File "/home/daniel/PycharmProjects/PlayingSelenium/PlayingSelenium.py", line 14, in <module>
    elem = browser.find_element_by_id("a2700.details.tabs.i0.2de37f6d29FMJH")
  File "/home/daniel/Documents/Predictvia/python-scraper-github/env/lib/python3.6/site-packages/selenium/webdriver/remote/webdriver.py", line 360, in find_element_by_id
    return self.find_element(by=By.ID, value=id_)
  File "/home/daniel/Documents/Predictvia/python-scraper-github/env/lib/python3.6/site-packages/selenium/webdriver/remote/webdriver.py", line 978, in find_element
    'value': value})['value']
  File "/home/daniel/Documents/Predictvia/python-scraper-github/env/lib/python3.6/site-packages/selenium/webdriver/remote/webdriver.py", line 321, in execute
    self.error_handler.check_response(response)
  File "/home/daniel/Documents/Predictvia/python-scraper-github/env/lib/python3.6/site-packages/selenium/webdriver/remote/errorhandler.py", line 242, in check_response
    raise exception_class(message, screen, stacktrace)
selenium.common.exceptions.NoSuchElementException: Message: no such element: Unable to locate element: {"method":"css selector","selector":"[id="a2700.details.tabs.i0.2de37f6d29FMJH"]"}
  (Session info: chrome=79.0.3945.79)

(env) (base) daniel@daniel-HUAWEI-MateBook-D:~/Documents/Predictvia/python-scraper-github$ 
